<?xml version="1.0" encoding="UTF-8"?>
<testng-results skipped="0" failed="0" total="2" passed="2">
  <reporter-output>
  </reporter-output>
  <suite name="Suite" duration-ms="80706" started-at="2019-05-06T20:45:34Z" finished-at="2019-05-06T20:46:55Z">
    <groups>
    </groups>
    <test name="ParallelTest" duration-ms="80706" started-at="2019-05-06T20:45:34Z" finished-at="2019-05-06T20:46:55Z">
      <class name="com.model.ParallelBrowserTest">
        <test-method status="PASS" signature="openChromeBrowser()[pri:0, instance:com.model.ParallelBrowserTest@7c0e2abd]" name="openChromeBrowser" duration-ms="18638" started-at="2019-05-06T13:45:34Z" finished-at="2019-05-06T13:45:53Z">
          <reporter-output>
          </reporter-output>
        </test-method> <!-- openChromeBrowser -->
        <test-method status="PASS" signature="openIeBrowser()[pri:0, instance:com.model.ParallelBrowserTest@7c0e2abd]" name="openIeBrowser" duration-ms="80585" started-at="2019-05-06T13:45:34Z" finished-at="2019-05-06T13:46:55Z">
          <reporter-output>
          </reporter-output>
        </test-method> <!-- openIeBrowser -->
      </class> <!-- com.model.ParallelBrowserTest -->
    </test> <!-- ParallelTest -->
  </suite> <!-- Suite -->
</testng-results>
